<?xml version="1.0" encoding="UTF-8"?>
<!-- Generated by org.testng.reporters.JUnitReportReporter -->
<testsuite hostname="GK" failures="0" tests="1" name="chikitsa.BugFive" time="18.530" errors="0" timestamp="2025-02-22T13:23:12 IST" skipped="0">
  <testcase classname="chikitsa.BugFive" name="loginTestWithCaptcha" time="18.530"/>
</testsuite> <!-- chikitsa.BugFive -->
