<?xml version="1.0" encoding="UTF-8"?>
<!-- Generated by org.testng.reporters.JUnitReportReporter -->
<testsuite hostname="GK" failures="0" tests="1" name="chikitsa.LaunchBrowser" time="3.776" errors="0" timestamp="2025-02-21T08:49:33 IST" skipped="0">
  <testcase classname="chikitsa.LaunchBrowser" name="testLaunchBrowser" time="3.776"/>
</testsuite> <!-- chikitsa.LaunchBrowser -->
