<?xml version="1.0" encoding="UTF-8"?>
<!-- Generated by org.testng.reporters.JUnitReportReporter -->
<testsuite hostname="GK" failures="0" tests="2" name="chikitsa.BugFirst" time="16.578" errors="0" timestamp="2025-02-22T16:18:48 IST" skipped="0">
  <testcase classname="chikitsa.BugFirst" name="testLoginWithCaptcha" time="16.289"/>
  <testcase classname="chikitsa.BugFirst" name="testValidatePatientCount" time="0.289"/>
</testsuite> <!-- chikitsa.BugFirst -->
