<?xml version="1.0" encoding="UTF-8"?>
<!-- Generated by org.testng.reporters.JUnitReportReporter -->
<testsuite hostname="GK" failures="0" tests="1" name="chikitsa.BugFive" time="20.786" errors="0" timestamp="2025-02-22T16:24:38 IST" skipped="0">
  <testcase classname="chikitsa.BugFive" name="testLoginWithCaptcha" time="20.786"/>
</testsuite> <!-- chikitsa.BugFive -->
